app/build/outputs/logs/manifest-merger-debug-report.txt
-- Merging decision tree log ---
manifest
ADDED from src/main/AndroidManifest.xml:16:1-106:12
	package
		ADDED from src/main/AndroidManifest.xml:17:5-30
		INJECTED from src/main/AndroidManifest.xml
		INJECTED from src/main/AndroidManifest.xml
	android:versionName
		INJECTED from src/main/AndroidManifest.xml
		INJECTED from src/main/AndroidManifest.xml
	xmlns:android
		ADDED from src/main/AndroidManifest.xml:16:11-69
	android:versionCode
		INJECTED from src/main/AndroidManifest.xml
		INJECTED from src/main/AndroidManifest.xml
uses-permission#android.permission.INTERNET
ADDED from src/main/AndroidManifest.xml:19:5-67
MERGED from [com.amazonaws:aws-android-sdk-lex:2.3.9] AndroidManifest.xml:6:5-66
	android:name
		ADDED from src/main/AndroidManifest.xml:19:22-64
uses-permission#android.permission.ACCESS_NETWORK_STATE
ADDED from src/main/AndroidManifest.xml:20:5-79
MERGED from [com.amazonaws:aws-android-sdk-lex:2.3.9] AndroidManifest.xml:5:5-78
	android:name
		ADDED from src/main/AndroidManifest.xml:20:22-76
uses-permission#android.permission.ACCESS_WIFI_STATE
ADDED from src/main/AndroidManifest.xml:21:5-76
	android:name
		ADDED from src/main/AndroidManifest.xml:21:22-73
uses-permission#android.permission.GET_ACCOUNTS
ADDED from src/main/AndroidManifest.xml:22:5-71
	android:name
		ADDED from src/main/AndroidManifest.xml:22:22-68
uses-permission#android.permission.USE_CREDENTIALS
ADDED from src/main/AndroidManifest.xml:23:5-74
	android:name
		ADDED from src/main/AndroidManifest.xml:23:22-71
uses-permission#android.permission.READ_EXTERNAL_STORAGE
ADDED from src/main/AndroidManifest.xml:24:5-80
	android:name
		ADDED from src/main/AndroidManifest.xml:24:22-77
uses-permission#android.permission.RECORD_AUDIO
ADDED from src/main/AndroidManifest.xml:25:5-71
MERGED from [com.amazonaws:aws-android-sdk-lex:2.3.9] AndroidManifest.xml:4:5-70
	android:name
		ADDED from src/main/AndroidManifest.xml:25:22-68
uses-permission#android.permission.WRITE_EXTERNAL_STORAGE
ADDED from src/main/AndroidManifest.xml:26:5-81
	android:name
		ADDED from src/main/AndroidManifest.xml:26:22-78
application
ADDED from src/main/AndroidManifest.xml:28:5-105:19
MERGED from [com.facebook.android:facebook-android-sdk:4.6.0] AndroidManifest.xml:28:5-20
MERGED from [com.google.android.gms:play-services-plus:7.8.0] AndroidManifest.xml:19:5-20
MERGED from [com.google.android.gms:play-services-base:7.8.0] AndroidManifest.xml:20:5-24:19
MERGED from [MySampleApp:AWSMobileHelper:unspecified] AndroidManifest.xml:19:5-48:19
MERGED from [com.android.support:appcompat-v7:23.1.0] AndroidManifest.xml:22:5-20
MERGED from [com.android.support:support-v4:23.1.0] AndroidManifest.xml:22:5-20
	android:label
		ADDED from src/main/AndroidManifest.xml:31:9-41
	android:supportsRtl
		ADDED from [MySampleApp:AWSMobileHelper:unspecified] AndroidManifest.xml:22:9-35
	android:allowBackup
		ADDED from src/main/AndroidManifest.xml:29:9-35
	android:icon
		ADDED from src/main/AndroidManifest.xml:30:9-43
	android:theme
		ADDED from src/main/AndroidManifest.xml:32:9-40
	android:name
		ADDED from src/main/AndroidManifest.xml:33:9-51
activity#com.mysampleapp.SplashActivity
ADDED from src/main/AndroidManifest.xml:35:9-43:20
	android:label
		ADDED from src/main/AndroidManifest.xml:37:13-45
	android:configChanges
		ADDED from src/main/AndroidManifest.xml:38:13-83
	android:name
		ADDED from src/main/AndroidManifest.xml:36:13-43
intent-filter#android.intent.action.MAIN+android.intent.category.LAUNCHER
ADDED from src/main/AndroidManifest.xml:39:13-42:29
action#android.intent.action.MAIN
ADDED from src/main/AndroidManifest.xml:40:17-69
	android:name
		ADDED from src/main/AndroidManifest.xml:40:25-66
category#android.intent.category.LAUNCHER
ADDED from src/main/AndroidManifest.xml:41:17-77
	android:name
		ADDED from src/main/AndroidManifest.xml:41:27-74
activity#com.mysampleapp.MainActivity
ADDED from src/main/AndroidManifest.xml:44:9-48:20
	android:label
		ADDED from src/main/AndroidManifest.xml:47:13-56
	android:launchMode
		ADDED from src/main/AndroidManifest.xml:46:13-48
	android:name
		ADDED from src/main/AndroidManifest.xml:45:13-41
service#com.amazonaws.mobileconnectors.s3.transferutility.TransferService
ADDED from src/main/AndroidManifest.xml:58:9-124
	android:enabled
		ADDED from src/main/AndroidManifest.xml:58:99-121
	android:name
		ADDED from src/main/AndroidManifest.xml:58:18-98
service#com.amazonaws.mobile.downloader.service.DownloadService
ADDED from src/main/AndroidManifest.xml:60:9-91
	android:name
		ADDED from src/main/AndroidManifest.xml:60:18-88
receiver#com.amazonaws.mobile.downloader.service.NetworkStateListener
ADDED from src/main/AndroidManifest.xml:62:9-68:20
	android:enabled
		ADDED from src/main/AndroidManifest.xml:64:19-42
	android:exported
		ADDED from src/main/AndroidManifest.xml:63:19-43
	android:name
		ADDED from src/main/AndroidManifest.xml:62:19-94
intent-filter#android.net.conn.CONNECTIVITY_CHANGE
ADDED from src/main/AndroidManifest.xml:65:13-67:29
action#android.net.conn.CONNECTIVITY_CHANGE
ADDED from src/main/AndroidManifest.xml:66:17-78
	android:name
		ADDED from src/main/AndroidManifest.xml:66:25-76
provider#com.amazonaws.mobile.downloader.query.DownloadQueueProvider
ADDED from src/main/AndroidManifest.xml:70:9-75:20
	android:authorities
		ADDED from src/main/AndroidManifest.xml:72:13-76
	android:enabled
		ADDED from src/main/AndroidManifest.xml:73:13-35
	android:exported
		ADDED from src/main/AndroidManifest.xml:74:13-37
	android:name
		ADDED from src/main/AndroidManifest.xml:71:6-80
provider#android.support.v4.content.FileProvider
ADDED from src/main/AndroidManifest.xml:77:9-85:20
	android:authorities
		ADDED from src/main/AndroidManifest.xml:79:13-74
	android:grantUriPermissions
		ADDED from src/main/AndroidManifest.xml:81:13-47
	android:exported
		ADDED from src/main/AndroidManifest.xml:80:13-37
	android:name
		ADDED from src/main/AndroidManifest.xml:78:13-67
meta-data#android.support.FILE_PROVIDER_PATHS
ADDED from src/main/AndroidManifest.xml:82:13-84:66
	android:resource
		ADDED from src/main/AndroidManifest.xml:84:17-63
	android:name
		ADDED from src/main/AndroidManifest.xml:83:17-67
activity#com.facebook.FacebookActivity
ADDED from src/main/AndroidManifest.xml:92:9-96:75
	android:label
		ADDED from src/main/AndroidManifest.xml:95:13-45
	android:configChanges
		ADDED from src/main/AndroidManifest.xml:94:13-96
	android:theme
		ADDED from src/main/AndroidManifest.xml:96:13-72
	android:name
		ADDED from src/main/AndroidManifest.xml:93:13-57
meta-data#com.facebook.sdk.ApplicationId
ADDED from src/main/AndroidManifest.xml:98:9-108
	android:value
		ADDED from src/main/AndroidManifest.xml:98:66-105
	android:name
		ADDED from src/main/AndroidManifest.xml:98:20-65
meta-data#com.google.android.gms.version
ADDED from src/main/AndroidManifest.xml:102:9-104:69
MERGED from [com.google.android.gms:play-services-base:7.8.0] AndroidManifest.xml:21:9-23:69
	android:value
		ADDED from src/main/AndroidManifest.xml:104:13-66
	android:name
		ADDED from src/main/AndroidManifest.xml:103:13-58
uses-sdk
INJECTED from src/main/AndroidManifest.xml reason: use-sdk injection requested
MERGED from [com.facebook.android:facebook-android-sdk:4.6.0] AndroidManifest.xml:24:5-26:41
MERGED from [com.google.android.gms:play-services-plus:7.8.0] AndroidManifest.xml:18:5-42
MERGED from [com.google.android.gms:play-services-base:7.8.0] AndroidManifest.xml:18:5-42
MERGED from [com.amazonaws:aws-android-sdk-lex:2.3.9] AndroidManifest.xml:8:5-73
MERGED from [com.android.support:multidex:1.0.1] AndroidManifest.xml:18:5-42
MERGED from [MySampleApp:AWSMobileHelper:unspecified] AndroidManifest.xml:15:5-17:41
MERGED from [com.android.support:appcompat-v7:23.1.0] AndroidManifest.xml:20:5-43
MERGED from [com.android.support:support-v4:23.1.0] AndroidManifest.xml:20:5-43
	android:targetSdkVersion
		INJECTED from src/main/AndroidManifest.xml
		INJECTED from src/main/AndroidManifest.xml
	android:minSdkVersion
		INJECTED from src/main/AndroidManifest.xml
		INJECTED from src/main/AndroidManifest.xml
activity#com.amazonaws.mobilehelper.auth.signin.SignInActivity
ADDED from [MySampleApp:AWSMobileHelper:unspecified] AndroidManifest.xml:23:9-27:20
	android:label
		ADDED from [MySampleApp:AWSMobileHelper:unspecified] AndroidManifest.xml:26:13-59
	android:configChanges
		ADDED from [MySampleApp:AWSMobileHelper:unspecified] AndroidManifest.xml:25:13-83
	android:name
		ADDED from [MySampleApp:AWSMobileHelper:unspecified] AndroidManifest.xml:24:13-81
activity#com.amazonaws.mobilehelper.auth.signin.userpools.ForgotPasswordActivity
ADDED from [MySampleApp:AWSMobileHelper:unspecified] AndroidManifest.xml:28:9-32:20
	android:label
		ADDED from [MySampleApp:AWSMobileHelper:unspecified] AndroidManifest.xml:31:13-67
	android:configChanges
		ADDED from [MySampleApp:AWSMobileHelper:unspecified] AndroidManifest.xml:30:13-83
	android:name
		ADDED from [MySampleApp:AWSMobileHelper:unspecified] AndroidManifest.xml:29:13-99
activity#com.amazonaws.mobilehelper.auth.signin.userpools.SignUpActivity
ADDED from [MySampleApp:AWSMobileHelper:unspecified] AndroidManifest.xml:33:9-37:20
	android:label
		ADDED from [MySampleApp:AWSMobileHelper:unspecified] AndroidManifest.xml:36:13-59
	android:configChanges
		ADDED from [MySampleApp:AWSMobileHelper:unspecified] AndroidManifest.xml:35:13-83
	android:name
		ADDED from [MySampleApp:AWSMobileHelper:unspecified] AndroidManifest.xml:34:13-91
activity#com.amazonaws.mobilehelper.auth.signin.userpools.MFAActivity
ADDED from [MySampleApp:AWSMobileHelper:unspecified] AndroidManifest.xml:38:9-42:20
	android:label
		ADDED from [MySampleApp:AWSMobileHelper:unspecified] AndroidManifest.xml:41:13-55
	android:configChanges
		ADDED from [MySampleApp:AWSMobileHelper:unspecified] AndroidManifest.xml:40:13-83
	android:name
		ADDED from [MySampleApp:AWSMobileHelper:unspecified] AndroidManifest.xml:39:13-88
activity#com.amazonaws.mobilehelper.auth.signin.userpools.SignUpConfirmActivity
ADDED from [MySampleApp:AWSMobileHelper:unspecified] AndroidManifest.xml:43:9-47:20
	android:label
		ADDED from [MySampleApp:AWSMobileHelper:unspecified] AndroidManifest.xml:46:13-67
	android:configChanges
		ADDED from [MySampleApp:AWSMobileHelper:unspecified] AndroidManifest.xml:45:13-83
	android:name
		ADDED from [MySampleApp:AWSMobileHelper:unspecified] AndroidManifest.xml:44:13-98